#! /usr/bin/vvp
:ivl_version "12.0 (stable)" "(v12_0-dirty)";
:ivl_delay_selection "TYPICAL";
:vpi_time_precision - 8;
:vpi_module "/usr/lib/ivl/system.vpi";
:vpi_module "/usr/lib/ivl/vhdl_sys.vpi";
:vpi_module "/usr/lib/ivl/vhdl_textio.vpi";
:vpi_module "/usr/lib/ivl/v2005_math.vpi";
:vpi_module "/usr/lib/ivl/va_math.vpi";
S_0x55930d389e30 .scope module, "dataPath_tb" "dataPath_tb" 2 4;
 .timescale -7 -8;
v0x55930d3ad280_0 .var "ALUControl", 2 0;
v0x55930d3ad3b0_0 .net "ALUResult", 31 0, L_0x55930d3bf2b0;  1 drivers
v0x55930d3ad470_0 .var "ALUSrc", 0 0;
v0x55930d3ad560_0 .var "branch", 0 0;
v0x55930d3ad650_0 .var "clk", 0 0;
v0x55930d3ad740_0 .net "f3", 2 0, L_0x55930d3bf5e0;  1 drivers
v0x55930d3ad7e0_0 .net "f7", 0 0, L_0x55930d3bf540;  1 drivers
v0x55930d3ad880_0 .var "inmSrc", 1 0;
v0x55930d3ad970_0 .var "instr", 31 0;
v0x55930d3ada10_0 .var "jump", 0 0;
o0x7fd3400c0188 .functor BUFZ 7, C4<zzzzzzz>; HiZ drive
v0x55930d3adb00_0 .net "opecode", 6 0, o0x7fd3400c0188;  0 drivers
v0x55930d3adba0_0 .net "pc", 15 0, L_0x55930d3bf240;  1 drivers
v0x55930d3adc40_0 .var "readData", 31 0;
v0x55930d3add30_0 .var "regWrite", 0 0;
v0x55930d3ade20_0 .var "resultSrc", 1 0;
v0x55930d3adf30_0 .net "writeData", 31 0, L_0x55930d3bf420;  1 drivers
v0x55930d3adff0_0 .net "zero", 0 0, L_0x55930d3aeea0;  1 drivers
S_0x55930d342360 .scope module, "uut" "dataPath" 2 28, 3 11 0, S_0x55930d389e30;
 .timescale 0 0;
    .port_info 0 /INPUT 1 "clk";
    .port_info 1 /INPUT 32 "instr";
    .port_info 2 /INPUT 32 "readData";
    .port_info 3 /INPUT 1 "branch";
    .port_info 4 /INPUT 1 "jump";
    .port_info 5 /INPUT 2 "resultSrc";
    .port_info 6 /INPUT 3 "ALUControl";
    .port_info 7 /INPUT 1 "ALUSrc";
    .port_info 8 /INPUT 2 "inmSrc";
    .port_info 9 /INPUT 1 "regWrite";
    .port_info 10 /OUTPUT 16 "pc";
    .port_info 11 /OUTPUT 32 "ALUResult";
    .port_info 12 /OUTPUT 32 "writeData";
    .port_info 13 /OUTPUT 1 "zero";
    .port_info 14 /OUTPUT 7 "opecode";
    .port_info 15 /OUTPUT 3 "f3";
    .port_info 16 /OUTPUT 1 "f7";
L_0x55930d3bf240 .functor BUFZ 16, v0x55930d3ab320_0, C4<0000000000000000>, C4<0000000000000000>, C4<0000000000000000>;
L_0x55930d3bf2b0 .functor BUFZ 32, v0x55930d3a7040_0, C4<00000000000000000000000000000000>, C4<00000000000000000000000000000000>, C4<00000000000000000000000000000000>;
L_0x55930d3bf420 .functor BUFZ 32, L_0x55930d3aea60, C4<00000000000000000000000000000000>, C4<00000000000000000000000000000000>, C4<00000000000000000000000000000000>;
v0x55930d3ab460_0 .net "ALUControl", 2 0, v0x55930d3ad280_0;  1 drivers
v0x55930d3ab550_0 .net "ALUResult", 31 0, L_0x55930d3bf2b0;  alias, 1 drivers
v0x55930d3ab610_0 .net "ALUSrc", 0 0, v0x55930d3ad470_0;  1 drivers
L_0x7fd33fae80a8 .functor BUFT 1, C4<0000000000000000>, C4<0>, C4<0>, C4<0>;
v0x55930d3ab710_0 .net/2u *"_ivl_10", 15 0, L_0x7fd33fae80a8;  1 drivers
v0x55930d3ab7b0_0 .net *"_ivl_25", 6 0, L_0x55930d3bf720;  1 drivers
v0x55930d3ab8e0_0 .net "branch", 0 0, v0x55930d3ad560_0;  1 drivers
v0x55930d3ab980_0 .net "clk", 0 0, v0x55930d3ad650_0;  1 drivers
v0x55930d3aba70_0 .var "cuatro", 15 0;
v0x55930d3abb10_0 .net "f3", 2 0, L_0x55930d3bf5e0;  alias, 1 drivers
v0x55930d3abc60_0 .net "f7", 0 0, L_0x55930d3bf540;  alias, 1 drivers
v0x55930d3abd20_0 .net "inmSrc", 1 0, v0x55930d3ad880_0;  1 drivers
v0x55930d3abe10_0 .net "instr", 31 0, v0x55930d3ad970_0;  1 drivers
v0x55930d3abee0_0 .net "jump", 0 0, v0x55930d3ada10_0;  1 drivers
v0x55930d3abfb0_0 .net "op", 0 0, L_0x55930d3bf8d0;  1 drivers
v0x55930d3ac050_0 .net "opecode", 6 0, o0x7fd3400c0188;  alias, 0 drivers
v0x55930d3ac110_0 .net "pc", 15 0, L_0x55930d3bf240;  alias, 1 drivers
v0x55930d3ac1f0_0 .net "readData", 31 0, v0x55930d3adc40_0;  1 drivers
v0x55930d3ac2e0_0 .net "regWrite", 0 0, v0x55930d3add30_0;  1 drivers
v0x55930d3ac3b0_0 .net "resultSrc", 1 0, v0x55930d3ade20_0;  1 drivers
v0x55930d3ac480_0 .net "s_ALUResult", 31 0, v0x55930d3a7040_0;  1 drivers
v0x55930d3ac520_0 .net "s_InmExt", 31 0, v0x55930d3a8ac0_0;  1 drivers
v0x55930d3ac5c0_0 .net "s_PCK1", 15 0, L_0x55930d3ae290;  1 drivers
v0x55930d3ac6d0_0 .net "s_pc", 15 0, v0x55930d3ab320_0;  1 drivers
v0x55930d3ac790_0 .net "s_pcJump", 15 0, L_0x55930d3ae440;  1 drivers
v0x55930d3ac8a0_0 .net "s_pcNext", 15 0, L_0x55930d3ae1f0;  1 drivers
v0x55930d3ac9b0_0 .net "s_pcPlus", 15 0, v0x55930d3a9770_0;  1 drivers
v0x55930d3acac0_0 .net "s_result", 31 0, L_0x55930d3aeff0;  1 drivers
v0x55930d3acbd0_0 .net "s_src2", 31 0, L_0x55930d3aea60;  1 drivers
v0x55930d3acce0_0 .net "s_srcA", 31 0, L_0x55930d3ae790;  1 drivers
v0x55930d3acdf0_0 .net "s_srcB", 31 0, L_0x55930d3aef80;  1 drivers
v0x55930d3acf00_0 .net "writeData", 31 0, L_0x55930d3bf420;  alias, 1 drivers
v0x55930d3acfe0_0 .net "zero", 0 0, L_0x55930d3aeea0;  alias, 1 drivers
L_0x55930d3ae150 .part v0x55930d3a8ac0_0, 0, 16;
L_0x55930d3ae4e0 .part v0x55930d3a8ac0_0, 0, 16;
L_0x55930d3aeb20 .part v0x55930d3ad970_0, 15, 5;
L_0x55930d3aec10 .part v0x55930d3ad970_0, 20, 5;
L_0x55930d3aed90 .part v0x55930d3ad970_0, 7, 5;
L_0x55930d3bf0a0 .concat [ 16 16 0 0], L_0x55930d3ae1f0, L_0x7fd33fae80a8;
L_0x55930d3bf540 .part v0x55930d3ad970_0, 30, 1;
L_0x55930d3bf5e0 .part v0x55930d3ad970_0, 12, 3;
L_0x55930d3bf720 .part v0x55930d3ad970_0, 0, 7;
L_0x55930d3bf8d0 .part L_0x55930d3bf720, 0, 1;
S_0x55930d34a120 .scope module, "addPC4" "Adder16" 3 67, 4 1 0, S_0x55930d342360;
 .timescale 0 0;
    .port_info 0 /INPUT 16 "op1";
    .port_info 1 /INPUT 16 "op2";
    .port_info 2 /OUTPUT 16 "res";
v0x55930d371710_0 .net "op1", 15 0, v0x55930d3a9770_0;  alias, 1 drivers
v0x55930d34d140_0 .net "op2", 15 0, v0x55930d3ab320_0;  alias, 1 drivers
v0x55930d3a6a00_0 .net "res", 15 0, L_0x55930d3ae1f0;  alias, 1 drivers
L_0x55930d3ae1f0 .arith/sum 16, v0x55930d3a9770_0, v0x55930d3ab320_0;
S_0x55930d388010 .scope module, "addPCJump" "Adder16" 3 73, 4 1 0, S_0x55930d342360;
 .timescale 0 0;
    .port_info 0 /INPUT 16 "op1";
    .port_info 1 /INPUT 16 "op2";
    .port_info 2 /OUTPUT 16 "res";
v0x55930d3a6b90_0 .net "op1", 15 0, L_0x55930d3ae4e0;  1 drivers
v0x55930d3a6c90_0 .net "op2", 15 0, v0x55930d3ab320_0;  alias, 1 drivers
v0x55930d3a6d50_0 .net "res", 15 0, L_0x55930d3ae440;  alias, 1 drivers
L_0x55930d3ae440 .arith/sum 16, L_0x55930d3ae4e0, v0x55930d3ab320_0;
S_0x55930d389250 .scope module, "alu" "ALU" 3 109, 5 1 0, S_0x55930d342360;
 .timescale 0 0;
    .port_info 0 /INPUT 32 "srcA";
    .port_info 1 /INPUT 32 "srcB";
    .port_info 2 /INPUT 3 "ALUControl";
    .port_info 3 /OUTPUT 32 "res";
    .port_info 4 /OUTPUT 1 "zero";
L_0x55930d3aeea0 .functor BUFZ 1, v0x55930d3a7120_0, C4<0>, C4<0>, C4<0>;
v0x55930d3a6f60_0 .net "ALUControl", 2 0, v0x55930d3ad280_0;  alias, 1 drivers
v0x55930d3a7040_0 .var "aux", 31 0;
v0x55930d3a7120_0 .var "aux_zero", 0 0;
v0x55930d3a71c0_0 .net "res", 31 0, v0x55930d3a7040_0;  alias, 1 drivers
v0x55930d3a72a0_0 .net "srcA", 31 0, L_0x55930d3ae790;  alias, 1 drivers
v0x55930d3a73d0_0 .net "srcB", 31 0, L_0x55930d3aef80;  alias, 1 drivers
v0x55930d3a74b0_0 .net "zero", 0 0, L_0x55930d3aeea0;  alias, 1 drivers
E_0x55930d35bc80 .event anyedge, v0x55930d3a6f60_0, v0x55930d3a72a0_0, v0x55930d3a73d0_0;
S_0x55930d3a7610 .scope module, "bancoDeRegistros" "BR" 3 92, 6 1 0, S_0x55930d342360;
 .timescale 0 0;
    .port_info 0 /INPUT 1 "clk";
    .port_info 1 /INPUT 5 "a1";
    .port_info 2 /INPUT 5 "a2";
    .port_info 3 /INPUT 5 "a3";
    .port_info 4 /INPUT 32 "wd3";
    .port_info 5 /INPUT 1 "we";
    .port_info 6 /OUTPUT 32 "rd1";
    .port_info 7 /OUTPUT 32 "rd2";
L_0x55930d3ae790 .functor BUFZ 32, L_0x55930d3ae630, C4<00000000000000000000000000000000>, C4<00000000000000000000000000000000>, C4<00000000000000000000000000000000>;
L_0x55930d3aea60 .functor BUFZ 32, L_0x55930d3ae850, C4<00000000000000000000000000000000>, C4<00000000000000000000000000000000>, C4<00000000000000000000000000000000>;
v0x55930d3a7880_0 .net *"_ivl_0", 31 0, L_0x55930d3ae630;  1 drivers
v0x55930d3a7980_0 .net *"_ivl_10", 6 0, L_0x55930d3ae8f0;  1 drivers
L_0x7fd33fae8060 .functor BUFT 1, C4<00>, C4<0>, C4<0>, C4<0>;
v0x55930d3a7a60_0 .net *"_ivl_13", 1 0, L_0x7fd33fae8060;  1 drivers
v0x55930d3a7b20_0 .net *"_ivl_2", 6 0, L_0x55930d3ae6f0;  1 drivers
L_0x7fd33fae8018 .functor BUFT 1, C4<00>, C4<0>, C4<0>, C4<0>;
v0x55930d3a7c00_0 .net *"_ivl_5", 1 0, L_0x7fd33fae8018;  1 drivers
v0x55930d3a7d30_0 .net *"_ivl_8", 31 0, L_0x55930d3ae850;  1 drivers
v0x55930d3a7e10_0 .net "a1", 4 0, L_0x55930d3aeb20;  1 drivers
v0x55930d3a7ef0_0 .net "a2", 4 0, L_0x55930d3aec10;  1 drivers
v0x55930d3a7fd0_0 .net "a3", 4 0, L_0x55930d3aed90;  1 drivers
v0x55930d3a80b0_0 .net "clk", 0 0, v0x55930d3ad650_0;  alias, 1 drivers
v0x55930d3a8170_0 .var/i "i", 31 0;
v0x55930d3a8250_0 .net "rd1", 31 0, L_0x55930d3ae790;  alias, 1 drivers
v0x55930d3a8310_0 .net "rd2", 31 0, L_0x55930d3aea60;  alias, 1 drivers
v0x55930d3a83d0 .array "regBank", 0 31, 31 0;
v0x55930d3a8490_0 .net "wd3", 31 0, L_0x55930d3aeff0;  alias, 1 drivers
v0x55930d3a8570_0 .net "we", 0 0, v0x55930d3add30_0;  alias, 1 drivers
E_0x55930d35c130 .event posedge, v0x55930d3a80b0_0;
L_0x55930d3ae630 .array/port v0x55930d3a83d0, L_0x55930d3ae6f0;
L_0x55930d3ae6f0 .concat [ 5 2 0 0], L_0x55930d3aeb20, L_0x7fd33fae8018;
L_0x55930d3ae850 .array/port v0x55930d3a83d0, L_0x55930d3ae8f0;
L_0x55930d3ae8f0 .concat [ 5 2 0 0], L_0x55930d3aec10, L_0x7fd33fae8060;
S_0x55930d3a8730 .scope module, "extensionDeSigno" "SE" 3 103, 7 1 0, S_0x55930d342360;
 .timescale 0 0;
    .port_info 0 /INPUT 32 "instr";
    .port_info 1 /INPUT 2 "src";
    .port_info 2 /OUTPUT 32 "immExt";
v0x55930d3a89c0_0 .net "immExt", 31 0, v0x55930d3a8ac0_0;  alias, 1 drivers
v0x55930d3a8ac0_0 .var "immaux", 31 0;
v0x55930d3a8ba0_0 .net "instr", 31 0, v0x55930d3ad970_0;  alias, 1 drivers
v0x55930d3a8c60_0 .net "src", 1 0, v0x55930d3ad880_0;  alias, 1 drivers
E_0x55930d35ccd0 .event anyedge, v0x55930d3a8c60_0, v0x55930d3a8ba0_0;
S_0x55930d3a8dc0 .scope module, "muxJump" "Mux16" 3 79, 8 1 0, S_0x55930d342360;
 .timescale 0 0;
    .port_info 0 /INPUT 16 "e1";
    .port_info 1 /INPUT 16 "e2";
    .port_info 2 /INPUT 1 "sel";
    .port_info 3 /OUTPUT 16 "sal";
L_0x55930d3ae290 .functor BUFZ 16, v0x55930d3a8fc0_0, C4<0000000000000000>, C4<0000000000000000>, C4<0000000000000000>;
v0x55930d3a8fc0_0 .var "aux", 15 0;
v0x55930d3a90c0_0 .net "e1", 15 0, L_0x55930d3ae1f0;  alias, 1 drivers
v0x55930d3a91b0_0 .net "e2", 15 0, L_0x55930d3ae440;  alias, 1 drivers
v0x55930d3a92b0_0 .net "sal", 15 0, L_0x55930d3ae290;  alias, 1 drivers
v0x55930d3a9350_0 .net "sel", 0 0, v0x55930d3ada10_0;  alias, 1 drivers
E_0x55930d33a320 .event anyedge, v0x55930d3a9350_0, v0x55930d3a6a00_0, v0x55930d3a6d50_0;
S_0x55930d3a94e0 .scope module, "muxPcNext" "Mux16" 3 60, 8 1 0, S_0x55930d342360;
 .timescale 0 0;
    .port_info 0 /INPUT 16 "e1";
    .port_info 1 /INPUT 16 "e2";
    .port_info 2 /INPUT 1 "sel";
    .port_info 3 /OUTPUT 16 "sal";
v0x55930d3a9770_0 .var "aux", 15 0;
v0x55930d3a9870_0 .net "e1", 15 0, v0x55930d3aba70_0;  1 drivers
v0x55930d3a9950_0 .net "e2", 15 0, L_0x55930d3ae150;  1 drivers
v0x55930d3a9a40_0 .net "sal", 15 0, v0x55930d3a9770_0;  alias, 1 drivers
v0x55930d3a9b30_0 .net "sel", 0 0, v0x55930d3ad560_0;  alias, 1 drivers
E_0x55930d38d8c0 .event anyedge, v0x55930d3a9b30_0, v0x55930d3a9870_0, v0x55930d3a9950_0;
S_0x55930d3a9ca0 .scope module, "muxResult" "Mux4x1" 3 124, 9 1 0, S_0x55930d342360;
 .timescale 0 0;
    .port_info 0 /INPUT 32 "e1";
    .port_info 1 /INPUT 32 "e2";
    .port_info 2 /INPUT 32 "e3";
    .port_info 3 /INPUT 32 "e4";
    .port_info 4 /INPUT 2 "sel";
    .port_info 5 /OUTPUT 32 "sal";
L_0x55930d3aeff0 .functor BUFZ 32, v0x55930d3a9fb0_0, C4<00000000000000000000000000000000>, C4<00000000000000000000000000000000>, C4<00000000000000000000000000000000>;
v0x55930d3a9fb0_0 .var "aux", 31 0;
v0x55930d3aa0b0_0 .net "e1", 31 0, v0x55930d3a7040_0;  alias, 1 drivers
v0x55930d3aa170_0 .net "e2", 31 0, v0x55930d3adc40_0;  alias, 1 drivers
v0x55930d3aa240_0 .net "e3", 31 0, v0x55930d3a8ac0_0;  alias, 1 drivers
v0x55930d3aa330_0 .net "e4", 31 0, L_0x55930d3bf0a0;  1 drivers
v0x55930d3aa440_0 .net "sal", 31 0, L_0x55930d3aeff0;  alias, 1 drivers
v0x55930d3aa500_0 .net "sel", 1 0, v0x55930d3ade20_0;  alias, 1 drivers
E_0x55930d3a9f20/0 .event anyedge, v0x55930d3aa500_0, v0x55930d3a71c0_0, v0x55930d3aa170_0, v0x55930d3a89c0_0;
E_0x55930d3a9f20/1 .event anyedge, v0x55930d3aa330_0;
E_0x55930d3a9f20 .event/or E_0x55930d3a9f20/0, E_0x55930d3a9f20/1;
S_0x55930d3aa6c0 .scope module, "muxSrcB" "Mux2x1" 3 117, 10 1 0, S_0x55930d342360;
 .timescale 0 0;
    .port_info 0 /INPUT 32 "e1";
    .port_info 1 /INPUT 32 "e2";
    .port_info 2 /INPUT 1 "sel";
    .port_info 3 /OUTPUT 32 "sal";
L_0x55930d3aef80 .functor BUFZ 32, v0x55930d3aa980_0, C4<00000000000000000000000000000000>, C4<00000000000000000000000000000000>, C4<00000000000000000000000000000000>;
v0x55930d3aa980_0 .var "aux", 31 0;
v0x55930d3aaa80_0 .net "e1", 31 0, L_0x55930d3aea60;  alias, 1 drivers
v0x55930d3aab70_0 .net "e2", 31 0, v0x55930d3a8ac0_0;  alias, 1 drivers
v0x55930d3aac40_0 .net "sal", 31 0, L_0x55930d3aef80;  alias, 1 drivers
v0x55930d3aace0_0 .net "sel", 0 0, v0x55930d3ad470_0;  alias, 1 drivers
E_0x55930d38dba0 .event anyedge, v0x55930d3aace0_0, v0x55930d3a8310_0, v0x55930d3a89c0_0;
S_0x55930d3aae50 .scope module, "pcReg" "PC" 3 86, 11 1 0, S_0x55930d342360;
 .timescale 0 0;
    .port_info 0 /INPUT 1 "clk";
    .port_info 1 /INPUT 16 "pcNext";
    .port_info 2 /OUTPUT 16 "pc";
v0x55930d3ab0a0_0 .net "clk", 0 0, v0x55930d3ad650_0;  alias, 1 drivers
v0x55930d3ab160_0 .net "pc", 15 0, v0x55930d3ab320_0;  alias, 1 drivers
v0x55930d3ab250_0 .net "pcNext", 15 0, L_0x55930d3ae290;  alias, 1 drivers
v0x55930d3ab320_0 .var "s_pc", 15 0;
    .scope S_0x55930d3a94e0;
T_0 ;
    %wait E_0x55930d38d8c0;
    %load/vec4 v0x55930d3a9b30_0;
    %dup/vec4;
    %pushi/vec4 0, 0, 1;
    %cmp/u;
    %jmp/1 T_0.0, 6;
    %dup/vec4;
    %pushi/vec4 1, 0, 1;
    %cmp/u;
    %jmp/1 T_0.1, 6;
    %jmp T_0.2;
T_0.0 ;
    %load/vec4 v0x55930d3a9870_0;
    %assign/vec4 v0x55930d3a9770_0, 0;
    %jmp T_0.2;
T_0.1 ;
    %load/vec4 v0x55930d3a9950_0;
    %assign/vec4 v0x55930d3a9770_0, 0;
    %jmp T_0.2;
T_0.2 ;
    %pop/vec4 1;
    %jmp T_0;
    .thread T_0, $push;
    .scope S_0x55930d3a8dc0;
T_1 ;
    %wait E_0x55930d33a320;
    %load/vec4 v0x55930d3a9350_0;
    %dup/vec4;
    %pushi/vec4 0, 0, 1;
    %cmp/u;
    %jmp/1 T_1.0, 6;
    %dup/vec4;
    %pushi/vec4 1, 0, 1;
    %cmp/u;
    %jmp/1 T_1.1, 6;
    %jmp T_1.2;
T_1.0 ;
    %load/vec4 v0x55930d3a90c0_0;
    %assign/vec4 v0x55930d3a8fc0_0, 0;
    %jmp T_1.2;
T_1.1 ;
    %load/vec4 v0x55930d3a91b0_0;
    %assign/vec4 v0x55930d3a8fc0_0, 0;
    %jmp T_1.2;
T_1.2 ;
    %pop/vec4 1;
    %jmp T_1;
    .thread T_1, $push;
    .scope S_0x55930d3aae50;
T_2 ;
    %pushi/vec4 0, 0, 16;
    %store/vec4 v0x55930d3ab320_0, 0, 16;
    %end;
    .thread T_2;
    .scope S_0x55930d3aae50;
T_3 ;
    %wait E_0x55930d35c130;
    %load/vec4 v0x55930d3ab250_0;
    %assign/vec4 v0x55930d3ab320_0, 0;
    %jmp T_3;
    .thread T_3;
    .scope S_0x55930d3a7610;
T_4 ;
    %pushi/vec4 0, 0, 32;
    %store/vec4 v0x55930d3a8170_0, 0, 32;
T_4.0 ;
    %load/vec4 v0x55930d3a8170_0;
    %cmpi/s 32, 0, 32;
    %jmp/0xz T_4.1, 5;
    %pushi/vec4 0, 0, 32;
    %ix/getv/s 3, v0x55930d3a8170_0;
    %ix/load 4, 0, 0; Constant delay
    %assign/vec4/a/d v0x55930d3a83d0, 0, 4;
    %load/vec4 v0x55930d3a8170_0;
    %addi 1, 0, 32;
    %store/vec4 v0x55930d3a8170_0, 0, 32;
    %jmp T_4.0;
T_4.1 ;
    %end;
    .thread T_4;
    .scope S_0x55930d3a7610;
T_5 ;
    %wait E_0x55930d35c130;
    %load/vec4 v0x55930d3a8570_0;
    %flag_set/vec4 8;
    %jmp/0xz  T_5.0, 8;
    %load/vec4 v0x55930d3a8490_0;
    %load/vec4 v0x55930d3a7fd0_0;
    %pad/u 7;
    %ix/vec4 3;
    %ix/load 4, 0, 0; Constant delay
    %assign/vec4/a/d v0x55930d3a83d0, 0, 4;
T_5.0 ;
    %jmp T_5;
    .thread T_5;
    .scope S_0x55930d3a8730;
T_6 ;
    %wait E_0x55930d35ccd0;
    %load/vec4 v0x55930d3a8c60_0;
    %dup/vec4;
    %pushi/vec4 0, 0, 2;
    %cmp/u;
    %jmp/1 T_6.0, 6;
    %dup/vec4;
    %pushi/vec4 1, 0, 2;
    %cmp/u;
    %jmp/1 T_6.1, 6;
    %dup/vec4;
    %pushi/vec4 2, 0, 2;
    %cmp/u;
    %jmp/1 T_6.2, 6;
    %dup/vec4;
    %pushi/vec4 3, 0, 2;
    %cmp/u;
    %jmp/1 T_6.3, 6;
    %pushi/vec4 4294967295, 4294967295, 32;
    %store/vec4 v0x55930d3a8ac0_0, 0, 32;
    %jmp T_6.5;
T_6.0 ;
    %load/vec4 v0x55930d3a8ba0_0;
    %parti/s 1, 31, 6;
    %replicate 20;
    %load/vec4 v0x55930d3a8ba0_0;
    %parti/s 12, 20, 6;
    %concat/vec4; draw_concat_vec4
    %store/vec4 v0x55930d3a8ac0_0, 0, 32;
    %jmp T_6.5;
T_6.1 ;
    %load/vec4 v0x55930d3a8ba0_0;
    %parti/s 1, 31, 6;
    %replicate 20;
    %load/vec4 v0x55930d3a8ba0_0;
    %parti/s 7, 25, 6;
    %concat/vec4; draw_concat_vec4
    %load/vec4 v0x55930d3a8ba0_0;
    %parti/s 5, 7, 4;
    %concat/vec4; draw_concat_vec4
    %store/vec4 v0x55930d3a8ac0_0, 0, 32;
    %jmp T_6.5;
T_6.2 ;
    %load/vec4 v0x55930d3a8ba0_0;
    %parti/s 1, 31, 6;
    %replicate 19;
    %load/vec4 v0x55930d3a8ba0_0;
    %parti/s 1, 31, 6;
    %concat/vec4; draw_concat_vec4
    %load/vec4 v0x55930d3a8ba0_0;
    %parti/s 1, 7, 4;
    %concat/vec4; draw_concat_vec4
    %load/vec4 v0x55930d3a8ba0_0;
    %parti/s 6, 25, 6;
    %concat/vec4; draw_concat_vec4
    %load/vec4 v0x55930d3a8ba0_0;
    %parti/s 4, 8, 5;
    %concat/vec4; draw_concat_vec4
    %concati/vec4 0, 0, 1;
    %store/vec4 v0x55930d3a8ac0_0, 0, 32;
    %jmp T_6.5;
T_6.3 ;
    %load/vec4 v0x55930d3a8ba0_0;
    %parti/s 1, 31, 6;
    %replicate 12;
    %load/vec4 v0x55930d3a8ba0_0;
    %parti/s 8, 12, 5;
    %concat/vec4; draw_concat_vec4
    %load/vec4 v0x55930d3a8ba0_0;
    %parti/s 1, 20, 6;
    %concat/vec4; draw_concat_vec4
    %load/vec4 v0x55930d3a8ba0_0;
    %parti/s 10, 21, 6;
    %concat/vec4; draw_concat_vec4
    %concati/vec4 0, 0, 1;
    %store/vec4 v0x55930d3a8ac0_0, 0, 32;
    %jmp T_6.5;
T_6.5 ;
    %pop/vec4 1;
    %jmp T_6;
    .thread T_6, $push;
    .scope S_0x55930d389250;
T_7 ;
    %pushi/vec4 0, 0, 32;
    %store/vec4 v0x55930d3a7040_0, 0, 32;
    %pushi/vec4 0, 0, 1;
    %store/vec4 v0x55930d3a7120_0, 0, 1;
    %end;
    .thread T_7;
    .scope S_0x55930d389250;
T_8 ;
    %wait E_0x55930d35bc80;
    %load/vec4 v0x55930d3a6f60_0;
    %dup/vec4;
    %pushi/vec4 0, 0, 3;
    %cmp/u;
    %jmp/1 T_8.0, 6;
    %dup/vec4;
    %pushi/vec4 1, 0, 3;
    %cmp/u;
    %jmp/1 T_8.1, 6;
    %dup/vec4;
    %pushi/vec4 2, 0, 3;
    %cmp/u;
    %jmp/1 T_8.2, 6;
    %dup/vec4;
    %pushi/vec4 3, 0, 3;
    %cmp/u;
    %jmp/1 T_8.3, 6;
    %dup/vec4;
    %pushi/vec4 4, 0, 3;
    %cmp/u;
    %jmp/1 T_8.4, 6;
    %dup/vec4;
    %pushi/vec4 5, 0, 3;
    %cmp/u;
    %jmp/1 T_8.5, 6;
    %load/vec4 v0x55930d3a72a0_0;
    %store/vec4 v0x55930d3a7040_0, 0, 32;
    %pushi/vec4 0, 0, 1;
    %assign/vec4 v0x55930d3a7120_0, 0;
    %jmp T_8.7;
T_8.0 ;
    %load/vec4 v0x55930d3a72a0_0;
    %load/vec4 v0x55930d3a73d0_0;
    %add;
    %store/vec4 v0x55930d3a7040_0, 0, 32;
    %pushi/vec4 0, 0, 1;
    %assign/vec4 v0x55930d3a7120_0, 0;
    %jmp T_8.7;
T_8.1 ;
    %load/vec4 v0x55930d3a72a0_0;
    %load/vec4 v0x55930d3a73d0_0;
    %sub;
    %store/vec4 v0x55930d3a7040_0, 0, 32;
    %pushi/vec4 0, 0, 1;
    %assign/vec4 v0x55930d3a7120_0, 0;
    %jmp T_8.7;
T_8.2 ;
    %load/vec4 v0x55930d3a72a0_0;
    %cmpi/ne 0, 0, 32;
    %flag_get/vec4 4;
    %jmp/0 T_8.8, 4;
    %load/vec4 v0x55930d3a73d0_0;
    %pushi/vec4 0, 0, 32;
    %cmp/ne;
    %flag_get/vec4 4;
    %and;
T_8.8;
    %pad/u 32;
    %store/vec4 v0x55930d3a7040_0, 0, 32;
    %pushi/vec4 0, 0, 1;
    %assign/vec4 v0x55930d3a7120_0, 0;
    %jmp T_8.7;
T_8.3 ;
    %load/vec4 v0x55930d3a72a0_0;
    %cmpi/ne 0, 0, 32;
    %flag_get/vec4 4;
    %jmp/1 T_8.9, 4;
    %load/vec4 v0x55930d3a73d0_0;
    %pushi/vec4 0, 0, 32;
    %cmp/ne;
    %flag_get/vec4 4;
    %or;
T_8.9;
    %pad/u 32;
    %store/vec4 v0x55930d3a7040_0, 0, 32;
    %pushi/vec4 0, 0, 1;
    %assign/vec4 v0x55930d3a7120_0, 0;
    %jmp T_8.7;
T_8.4 ;
    %load/vec4 v0x55930d3a72a0_0;
    %load/vec4 v0x55930d3a73d0_0;
    %cmp/e;
    %flag_get/vec4 4;
    %assign/vec4 v0x55930d3a7120_0, 0;
    %jmp T_8.7;
T_8.5 ;
    %load/vec4 v0x55930d3a72a0_0;
    %load/vec4 v0x55930d3a73d0_0;
    %cmp/u;
    %flag_get/vec4 5;
    %pad/u 32;
    %store/vec4 v0x55930d3a7040_0, 0, 32;
    %load/vec4 v0x55930d3a72a0_0;
    %load/vec4 v0x55930d3a73d0_0;
    %cmp/u;
    %flag_get/vec4 5;
    %assign/vec4 v0x55930d3a7120_0, 0;
    %jmp T_8.7;
T_8.7 ;
    %pop/vec4 1;
    %jmp T_8;
    .thread T_8, $push;
    .scope S_0x55930d3aa6c0;
T_9 ;
    %wait E_0x55930d38dba0;
    %load/vec4 v0x55930d3aace0_0;
    %dup/vec4;
    %pushi/vec4 0, 0, 1;
    %cmp/u;
    %jmp/1 T_9.0, 6;
    %dup/vec4;
    %pushi/vec4 1, 0, 1;
    %cmp/u;
    %jmp/1 T_9.1, 6;
    %jmp T_9.2;
T_9.0 ;
    %load/vec4 v0x55930d3aaa80_0;
    %assign/vec4 v0x55930d3aa980_0, 0;
    %jmp T_9.2;
T_9.1 ;
    %load/vec4 v0x55930d3aab70_0;
    %assign/vec4 v0x55930d3aa980_0, 0;
    %jmp T_9.2;
T_9.2 ;
    %pop/vec4 1;
    %jmp T_9;
    .thread T_9, $push;
    .scope S_0x55930d3a9ca0;
T_10 ;
    %wait E_0x55930d3a9f20;
    %load/vec4 v0x55930d3aa500_0;
    %dup/vec4;
    %pushi/vec4 0, 0, 2;
    %cmp/u;
    %jmp/1 T_10.0, 6;
    %dup/vec4;
    %pushi/vec4 1, 0, 2;
    %cmp/u;
    %jmp/1 T_10.1, 6;
    %dup/vec4;
    %pushi/vec4 2, 0, 2;
    %cmp/u;
    %jmp/1 T_10.2, 6;
    %dup/vec4;
    %pushi/vec4 3, 0, 2;
    %cmp/u;
    %jmp/1 T_10.3, 6;
    %jmp T_10.4;
T_10.0 ;
    %load/vec4 v0x55930d3aa0b0_0;
    %assign/vec4 v0x55930d3a9fb0_0, 0;
    %jmp T_10.4;
T_10.1 ;
    %load/vec4 v0x55930d3aa170_0;
    %assign/vec4 v0x55930d3a9fb0_0, 0;
    %jmp T_10.4;
T_10.2 ;
    %load/vec4 v0x55930d3aa240_0;
    %assign/vec4 v0x55930d3a9fb0_0, 0;
    %jmp T_10.4;
T_10.3 ;
    %load/vec4 v0x55930d3aa330_0;
    %assign/vec4 v0x55930d3a9fb0_0, 0;
    %jmp T_10.4;
T_10.4 ;
    %pop/vec4 1;
    %jmp T_10;
    .thread T_10, $push;
    .scope S_0x55930d342360;
T_11 ;
    %pushi/vec4 4, 0, 16;
    %store/vec4 v0x55930d3aba70_0, 0, 16;
    %end;
    .thread T_11;
    .scope S_0x55930d389e30;
T_12 ;
    %pushi/vec4 0, 0, 1;
    %store/vec4 v0x55930d3ad650_0, 0, 1;
T_12.0 ;
    %delay 50, 0;
    %load/vec4 v0x55930d3ad650_0;
    %inv;
    %store/vec4 v0x55930d3ad650_0, 0, 1;
    %jmp T_12.0;
    %end;
    .thread T_12;
    .scope S_0x55930d389e30;
T_13 ;
    %vpi_call 2 54 "$dumpfile", "dataPath.vcd" {0 0 0};
    %vpi_call 2 55 "$dumpvars", 32'sb00000000000000000000000000000000, S_0x55930d389e30 {0 0 0};
    %pushi/vec4 1081600, 0, 32;
    %store/vec4 v0x55930d3ad970_0, 0, 32;
    %pushi/vec4 4294967295, 4294967295, 32;
    %store/vec4 v0x55930d3adc40_0, 0, 32;
    %pushi/vec4 0, 0, 1;
    %store/vec4 v0x55930d3ad560_0, 0, 1;
    %pushi/vec4 0, 0, 1;
    %store/vec4 v0x55930d3ada10_0, 0, 1;
    %pushi/vec4 0, 0, 2;
    %store/vec4 v0x55930d3ade20_0, 0, 2;
    %pushi/vec4 0, 0, 3;
    %store/vec4 v0x55930d3ad280_0, 0, 3;
    %pushi/vec4 1, 0, 1;
    %store/vec4 v0x55930d3ad470_0, 0, 1;
    %pushi/vec4 0, 0, 2;
    %store/vec4 v0x55930d3ad880_0, 0, 2;
    %pushi/vec4 1, 0, 1;
    %store/vec4 v0x55930d3add30_0, 0, 1;
    %vpi_call 2 69 "$display", "--- Entradas ---" {0 0 0};
    %vpi_call 2 70 "$display", "instr: %b", v0x55930d3ad970_0 {0 0 0};
    %vpi_call 2 71 "$display", "readData: %b", v0x55930d3adc40_0 {0 0 0};
    %vpi_call 2 72 "$display", "regWrite: %b", v0x55930d3add30_0 {0 0 0};
    %vpi_call 2 73 "$display", "aluControl: %b", v0x55930d3ad280_0 {0 0 0};
    %vpi_call 2 74 "$display", "--- Salidas ---" {0 0 0};
    %vpi_call 2 75 "$display", "pc: %b", v0x55930d3adba0_0 {0 0 0};
    %vpi_call 2 76 "$display", "alu result: %b", v0x55930d3ad3b0_0 {0 0 0};
    %delay 100, 0;
    %vpi_call 2 79 "$display", "\000" {0 0 0};
    %vpi_call 2 80 "$display", "--- Entradas ---" {0 0 0};
    %vpi_call 2 81 "$display", "instr: %b", v0x55930d3ad970_0 {0 0 0};
    %vpi_call 2 82 "$display", "readData: %b", v0x55930d3adc40_0 {0 0 0};
    %vpi_call 2 83 "$display", "regWrite: %b", v0x55930d3add30_0 {0 0 0};
    %vpi_call 2 84 "$display", "aluControl: %b", v0x55930d3ad280_0 {0 0 0};
    %vpi_call 2 85 "$display", "--- Salidas ---" {0 0 0};
    %vpi_call 2 86 "$display", "pc: %b", v0x55930d3adba0_0 {0 0 0};
    %vpi_call 2 87 "$display", "alu result: %b", v0x55930d3ad3b0_0 {0 0 0};
    %delay 100, 0;
    %vpi_call 2 90 "$finish" {0 0 0};
    %end;
    .thread T_13;
# The file index is used to find the file name in the following table.
:file_names 12;
    "N/A";
    "<interactive>";
    "dataPath_tb.v";
    "././dataPath.v";
    "././dataPath/Adder16.v";
    "././dataPath/ALU.v";
    "././dataPath/BR.v";
    "././dataPath/SE.v";
    "././dataPath/Mux16.v";
    "././dataPath/Mux4x1.v";
    "././dataPath/Mux2x1.v";
    "././dataPath/PC.v";
